2021-02-12 17:49:11.269  WARN 15104 --- [main] JpaBaseConfiguration$JpaWebConfiguration : spring.jpa.open-in-view is enabled by default. Therefore, database queries may be performed during view rendering. Explicitly configure spring.jpa.open-in-view to disable this warning
2021-02-12 17:50:44.367  WARN 7768 --- [main] JpaBaseConfiguration$JpaWebConfiguration : spring.jpa.open-in-view is enabled by default. Therefore, database queries may be performed during view rendering. Explicitly configure spring.jpa.open-in-view to disable this warning
2021-02-12 18:21:19.659  WARN 11432 --- [main] JpaBaseConfiguration$JpaWebConfiguration : spring.jpa.open-in-view is enabled by default. Therefore, database queries may be performed during view rendering. Explicitly configure spring.jpa.open-in-view to disable this warning
2021-02-12 18:27:03.195 DEBUG 11856 --- [main] org.hibernate.SQL                        : create table contatto (id integer not null, cognome varchar(255), nome varchar(255), telefono varchar(255), primary key (id)) engine=InnoDB
2021-02-12 18:27:03.211 DEBUG 11856 --- [main] org.hibernate.SQL                        : create table hibernate_sequence (next_val bigint) engine=InnoDB
2021-02-12 18:27:03.219 DEBUG 11856 --- [main] org.hibernate.SQL                        : insert into hibernate_sequence values ( 1 )
2021-02-12 18:27:03.569  WARN 11856 --- [main] JpaBaseConfiguration$JpaWebConfiguration : spring.jpa.open-in-view is enabled by default. Therefore, database queries may be performed during view rendering. Explicitly configure spring.jpa.open-in-view to disable this warning
2021-02-12 18:33:37.246  WARN 892 --- [main] JpaBaseConfiguration$JpaWebConfiguration : spring.jpa.open-in-view is enabled by default. Therefore, database queries may be performed during view rendering. Explicitly configure spring.jpa.open-in-view to disable this warning
2021-02-12 18:37:47.616  WARN 6008 --- [main] JpaBaseConfiguration$JpaWebConfiguration : spring.jpa.open-in-view is enabled by default. Therefore, database queries may be performed during view rendering. Explicitly configure spring.jpa.open-in-view to disable this warning
2021-02-14 19:12:28.210  WARN 2148 --- [main] JpaBaseConfiguration$JpaWebConfiguration : spring.jpa.open-in-view is enabled by default. Therefore, database queries may be performed during view rendering. Explicitly configure spring.jpa.open-in-view to disable this warning
2021-02-14 19:12:38.933 DEBUG 2148 --- [http-nio-8080-exec-1] org.hibernate.SQL                        : select contatto0_.id as id1_0_, contatto0_.cognome as cognome2_0_, contatto0_.nome as nome3_0_, contatto0_.telefono as telefono4_0_ from contatto contatto0_
2021-02-14 19:13:29.190 DEBUG 2148 --- [http-nio-8080-exec-3] org.hibernate.SQL                        : select contatto0_.id as id1_0_, contatto0_.cognome as cognome2_0_, contatto0_.nome as nome3_0_, contatto0_.telefono as telefono4_0_ from contatto contatto0_
2021-02-14 19:13:51.976 DEBUG 2148 --- [http-nio-8080-exec-5] org.hibernate.SQL                        : delete from contatto
2021-02-14 19:13:51.981 DEBUG 2148 --- [http-nio-8080-exec-5] org.hibernate.SQL                        : select contatto0_.id as id1_0_, contatto0_.cognome as cognome2_0_, contatto0_.nome as nome3_0_, contatto0_.telefono as telefono4_0_ from contatto contatto0_
2021-02-14 19:14:09.095 DEBUG 2148 --- [http-nio-8080-exec-7] org.hibernate.SQL                        : select next_val as id_val from hibernate_sequence for update
2021-02-14 19:14:09.096 DEBUG 2148 --- [http-nio-8080-exec-7] org.hibernate.SQL                        : update hibernate_sequence set next_val= ? where next_val=?
2021-02-14 19:14:09.113 DEBUG 2148 --- [http-nio-8080-exec-7] org.hibernate.SQL                        : insert into contatto (cognome, nome, telefono, id) values (?, ?, ?, ?)
2021-02-14 19:14:09.116 TRACE 2148 --- [http-nio-8080-exec-7] o.h.type.descriptor.sql.BasicBinder      : binding parameter [1] as [VARCHAR] - [CAPPONI]
2021-02-14 19:14:09.116 TRACE 2148 --- [http-nio-8080-exec-7] o.h.type.descriptor.sql.BasicBinder      : binding parameter [2] as [VARCHAR] - [FELICE]
2021-02-14 19:14:09.116 TRACE 2148 --- [http-nio-8080-exec-7] o.h.type.descriptor.sql.BasicBinder      : binding parameter [3] as [VARCHAR] - [3714175117]
2021-02-14 19:14:09.117 TRACE 2148 --- [http-nio-8080-exec-7] o.h.type.descriptor.sql.BasicBinder      : binding parameter [4] as [INTEGER] - [1]
2021-02-14 19:14:09.123 DEBUG 2148 --- [http-nio-8080-exec-7] org.hibernate.SQL                        : select contatto0_.id as id1_0_, contatto0_.cognome as cognome2_0_, contatto0_.nome as nome3_0_, contatto0_.telefono as telefono4_0_ from contatto contatto0_
2021-02-14 19:14:18.018 DEBUG 2148 --- [http-nio-8080-exec-8] org.hibernate.SQL                        : select next_val as id_val from hibernate_sequence for update
2021-02-14 19:14:18.020 DEBUG 2148 --- [http-nio-8080-exec-8] org.hibernate.SQL                        : update hibernate_sequence set next_val= ? where next_val=?
2021-02-14 19:14:18.024 DEBUG 2148 --- [http-nio-8080-exec-8] org.hibernate.SQL                        : insert into contatto (cognome, nome, telefono, id) values (?, ?, ?, ?)
2021-02-14 19:14:18.025 TRACE 2148 --- [http-nio-8080-exec-8] o.h.type.descriptor.sql.BasicBinder      : binding parameter [1] as [VARCHAR] - [Fastelli]
2021-02-14 19:14:18.027 TRACE 2148 --- [http-nio-8080-exec-8] o.h.type.descriptor.sql.BasicBinder      : binding parameter [2] as [VARCHAR] - [Daniele]
2021-02-14 19:14:18.028 TRACE 2148 --- [http-nio-8080-exec-8] o.h.type.descriptor.sql.BasicBinder      : binding parameter [3] as [VARCHAR] - [2324234]
2021-02-14 19:14:18.029 TRACE 2148 --- [http-nio-8080-exec-8] o.h.type.descriptor.sql.BasicBinder      : binding parameter [4] as [INTEGER] - [2]
2021-02-14 19:14:18.033 DEBUG 2148 --- [http-nio-8080-exec-8] org.hibernate.SQL                        : select contatto0_.id as id1_0_, contatto0_.cognome as cognome2_0_, contatto0_.nome as nome3_0_, contatto0_.telefono as telefono4_0_ from contatto contatto0_
2021-02-14 19:14:19.003 DEBUG 2148 --- [http-nio-8080-exec-9] org.hibernate.SQL                        : select contatto0_.id as id1_0_, contatto0_.cognome as cognome2_0_, contatto0_.nome as nome3_0_, contatto0_.telefono as telefono4_0_ from contatto contatto0_
2021-02-14 19:14:40.722 DEBUG 2148 --- [http-nio-8080-exec-1] org.hibernate.SQL                        : delete from contatto
2021-02-14 19:14:40.729 DEBUG 2148 --- [http-nio-8080-exec-1] org.hibernate.SQL                        : select contatto0_.id as id1_0_, contatto0_.cognome as cognome2_0_, contatto0_.nome as nome3_0_, contatto0_.telefono as telefono4_0_ from contatto contatto0_
2021-02-14 19:14:52.196 DEBUG 2148 --- [http-nio-8080-exec-3] org.hibernate.SQL                        : select next_val as id_val from hibernate_sequence for update
2021-02-14 19:14:52.198 DEBUG 2148 --- [http-nio-8080-exec-3] org.hibernate.SQL                        : update hibernate_sequence set next_val= ? where next_val=?
2021-02-14 19:14:52.205 DEBUG 2148 --- [http-nio-8080-exec-3] org.hibernate.SQL                        : insert into contatto (cognome, nome, telefono, id) values (?, ?, ?, ?)
2021-02-14 19:14:52.206 TRACE 2148 --- [http-nio-8080-exec-3] o.h.type.descriptor.sql.BasicBinder      : binding parameter [1] as [VARCHAR] - [CAPPONI]
2021-02-14 19:14:52.207 TRACE 2148 --- [http-nio-8080-exec-3] o.h.type.descriptor.sql.BasicBinder      : binding parameter [2] as [VARCHAR] - [FELICE]
2021-02-14 19:14:52.209 TRACE 2148 --- [http-nio-8080-exec-3] o.h.type.descriptor.sql.BasicBinder      : binding parameter [3] as [VARCHAR] - [23123]
2021-02-14 19:14:52.210 TRACE 2148 --- [http-nio-8080-exec-3] o.h.type.descriptor.sql.BasicBinder      : binding parameter [4] as [INTEGER] - [3]
2021-02-14 19:14:52.219 DEBUG 2148 --- [http-nio-8080-exec-3] org.hibernate.SQL                        : select contatto0_.id as id1_0_, contatto0_.cognome as cognome2_0_, contatto0_.nome as nome3_0_, contatto0_.telefono as telefono4_0_ from contatto contatto0_
2021-02-14 19:15:02.420 DEBUG 2148 --- [http-nio-8080-exec-5] org.hibernate.SQL                        : select next_val as id_val from hibernate_sequence for update
2021-02-14 19:15:02.424 DEBUG 2148 --- [http-nio-8080-exec-5] org.hibernate.SQL                        : update hibernate_sequence set next_val= ? where next_val=?
2021-02-14 19:15:02.433 DEBUG 2148 --- [http-nio-8080-exec-5] org.hibernate.SQL                        : insert into contatto (cognome, nome, telefono, id) values (?, ?, ?, ?)
2021-02-14 19:15:02.434 TRACE 2148 --- [http-nio-8080-exec-5] o.h.type.descriptor.sql.BasicBinder      : binding parameter [1] as [VARCHAR] - [Fastelli]
2021-02-14 19:15:02.435 TRACE 2148 --- [http-nio-8080-exec-5] o.h.type.descriptor.sql.BasicBinder      : binding parameter [2] as [VARCHAR] - [Daniele]
2021-02-14 19:15:02.435 TRACE 2148 --- [http-nio-8080-exec-5] o.h.type.descriptor.sql.BasicBinder      : binding parameter [3] as [VARCHAR] - [23234234]
2021-02-14 19:15:02.435 TRACE 2148 --- [http-nio-8080-exec-5] o.h.type.descriptor.sql.BasicBinder      : binding parameter [4] as [INTEGER] - [4]
2021-02-14 19:15:02.443 DEBUG 2148 --- [http-nio-8080-exec-5] org.hibernate.SQL                        : select contatto0_.id as id1_0_, contatto0_.cognome as cognome2_0_, contatto0_.nome as nome3_0_, contatto0_.telefono as telefono4_0_ from contatto contatto0_
2021-02-14 19:15:07.245 DEBUG 2148 --- [http-nio-8080-exec-6] org.hibernate.SQL                        : select next_val as id_val from hibernate_sequence for update
2021-02-14 19:15:07.247 DEBUG 2148 --- [http-nio-8080-exec-6] org.hibernate.SQL                        : update hibernate_sequence set next_val= ? where next_val=?
2021-02-14 19:15:07.252 DEBUG 2148 --- [http-nio-8080-exec-6] org.hibernate.SQL                        : insert into contatto (cognome, nome, telefono, id) values (?, ?, ?, ?)
2021-02-14 19:15:07.253 TRACE 2148 --- [http-nio-8080-exec-6] o.h.type.descriptor.sql.BasicBinder      : binding parameter [1] as [VARCHAR] - [sdfsd]
2021-02-14 19:15:07.254 TRACE 2148 --- [http-nio-8080-exec-6] o.h.type.descriptor.sql.BasicBinder      : binding parameter [2] as [VARCHAR] - [sasdf]
2021-02-14 19:15:07.254 TRACE 2148 --- [http-nio-8080-exec-6] o.h.type.descriptor.sql.BasicBinder      : binding parameter [3] as [VARCHAR] - [3423422]
2021-02-14 19:15:07.255 TRACE 2148 --- [http-nio-8080-exec-6] o.h.type.descriptor.sql.BasicBinder      : binding parameter [4] as [INTEGER] - [5]
2021-02-14 19:15:07.261 DEBUG 2148 --- [http-nio-8080-exec-6] org.hibernate.SQL                        : select contatto0_.id as id1_0_, contatto0_.cognome as cognome2_0_, contatto0_.nome as nome3_0_, contatto0_.telefono as telefono4_0_ from contatto contatto0_
2021-02-14 19:15:08.575 DEBUG 2148 --- [http-nio-8080-exec-7] org.hibernate.SQL                        : select contatto0_.id as id1_0_, contatto0_.cognome as cognome2_0_, contatto0_.nome as nome3_0_, contatto0_.telefono as telefono4_0_ from contatto contatto0_
2021-02-14 19:16:24.998 DEBUG 2148 --- [http-nio-8080-exec-10] org.hibernate.SQL                        : select contatto0_.id as id1_0_0_, contatto0_.cognome as cognome2_0_0_, contatto0_.nome as nome3_0_0_, contatto0_.telefono as telefono4_0_0_ from contatto contatto0_ where contatto0_.id=?
2021-02-14 19:16:24.999 TRACE 2148 --- [http-nio-8080-exec-10] o.h.type.descriptor.sql.BasicBinder      : binding parameter [1] as [INTEGER] - [5]
2021-02-14 19:16:25.013 DEBUG 2148 --- [http-nio-8080-exec-10] org.hibernate.SQL                        : delete from contatto where id=?
2021-02-14 19:16:25.014 TRACE 2148 --- [http-nio-8080-exec-10] o.h.type.descriptor.sql.BasicBinder      : binding parameter [1] as [INTEGER] - [5]
2021-02-14 19:16:25.021 DEBUG 2148 --- [http-nio-8080-exec-10] org.hibernate.SQL                        : select contatto0_.id as id1_0_, contatto0_.cognome as cognome2_0_, contatto0_.nome as nome3_0_, contatto0_.telefono as telefono4_0_ from contatto contatto0_
2021-02-14 19:16:42.434 DEBUG 2148 --- [http-nio-8080-exec-1] org.hibernate.SQL                        : select contatto0_.id as id1_0_0_, contatto0_.cognome as cognome2_0_0_, contatto0_.nome as nome3_0_0_, contatto0_.telefono as telefono4_0_0_ from contatto contatto0_ where contatto0_.id=?
2021-02-14 19:16:42.435 TRACE 2148 --- [http-nio-8080-exec-1] o.h.type.descriptor.sql.BasicBinder      : binding parameter [1] as [INTEGER] - [3]
2021-02-14 19:16:42.437 DEBUG 2148 --- [http-nio-8080-exec-1] org.hibernate.SQL                        : delete from contatto where id=?
2021-02-14 19:16:42.438 TRACE 2148 --- [http-nio-8080-exec-1] o.h.type.descriptor.sql.BasicBinder      : binding parameter [1] as [INTEGER] - [3]
2021-02-14 19:16:42.444 DEBUG 2148 --- [http-nio-8080-exec-1] org.hibernate.SQL                        : select contatto0_.id as id1_0_, contatto0_.cognome as cognome2_0_, contatto0_.nome as nome3_0_, contatto0_.telefono as telefono4_0_ from contatto contatto0_
